<?xml version="1.0" encoding="UTF-8"?>
<testsuite xmlns:xsi="http://www.w3.org/2001/XMLSchema-instance" xsi:noNamespaceSchemaLocation="https://maven.apache.org/surefire/maven-surefire-plugin/xsd/surefire-test-report.xsd" name="TestSuite" time="46.128" tests="2" errors="0" skipped="0" failures="0">
  <properties>
    <property name="gopherProxySet" value="false"/>
    <property name="awt.toolkit" value="sun.lwawt.macosx.LWCToolkit"/>
    <property name="file.encoding.pkg" value="sun.io"/>
    <property name="java.specification.version" value="1.8"/>
    <property name="sun.cpu.isalist" value=""/>
    <property name="sun.jnu.encoding" value="UTF-8"/>
    <property name="java.class.path" value="/Users/malam2/Desktop/FinalScore2/Application/target/test-classes:/Users/malam2/Desktop/FinalScore2/Application/target/classes:/Users/malam2/Desktop/FinalScore2/Generic/target/Generic-1.0-SNAPSHOT.jar:/Users/malam2/.m2/repository/org/seleniumhq/selenium/selenium-server/3.8.0/selenium-server-3.8.0.jar:/Users/malam2/.m2/repository/org/seleniumhq/selenium/selenium-api/3.8.0/selenium-api-3.8.0.jar:/Users/malam2/.m2/repository/org/seleniumhq/selenium/selenium-chrome-driver/3.8.0/selenium-chrome-driver-3.8.0.jar:/Users/malam2/.m2/repository/org/seleniumhq/selenium/selenium-edge-driver/3.8.0/selenium-edge-driver-3.8.0.jar:/Users/malam2/.m2/repository/org/seleniumhq/selenium/selenium-firefox-driver/3.8.0/selenium-firefox-driver-3.8.0.jar:/Users/malam2/.m2/repository/org/seleniumhq/selenium/selenium-ie-driver/3.8.0/selenium-ie-driver-3.8.0.jar:/Users/malam2/.m2/repository/org/seleniumhq/selenium/selenium-opera-driver/3.8.0/selenium-opera-driver-3.8.0.jar:/Users/malam2/.m2/repository/org/seleniumhq/selenium/selenium-remote-driver/3.8.0/selenium-remote-driver-3.8.0.jar:/Users/malam2/.m2/repository/org/seleniumhq/selenium/selenium-safari-driver/3.8.0/selenium-safari-driver-3.8.0.jar:/Users/malam2/.m2/repository/org/seleniumhq/selenium/selenium-support/3.8.0/selenium-support-3.8.0.jar:/Users/malam2/.m2/repository/com/beust/jcommander/1.48/jcommander-1.48.jar:/Users/malam2/.m2/repository/net/bytebuddy/byte-buddy/1.7.5/byte-buddy-1.7.5.jar:/Users/malam2/.m2/repository/org/apache/commons/commons-exec/1.3/commons-exec-1.3.jar:/Users/malam2/.m2/repository/org/apache/commons/commons-lang3/3.7/commons-lang3-3.7.jar:/Users/malam2/.m2/repository/org/apache/commons/commons-text/1.1/commons-text-1.1.jar:/Users/malam2/.m2/repository/commons-codec/commons-codec/1.10/commons-codec-1.10.jar:/Users/malam2/.m2/repository/commons-io/commons-io/2.6/commons-io-2.6.jar:/Users/malam2/.m2/repository/commons-logging/commons-logging/1.2/commons-logging-1.2.jar:/Users/malam2/.m2/repository/commons-net/commons-net/3.6/commons-net-3.6.jar:/Users/malam2/.m2/repository/org/w3c/css/sac/1.3/sac-1.3.jar:/Users/malam2/.m2/repository/net/sourceforge/cssparser/cssparser/0.9.24/cssparser-0.9.24.jar:/Users/malam2/.m2/repository/com/google/code/gson/gson/2.8.2/gson-2.8.2.jar:/Users/malam2/.m2/repository/com/google/guava/guava/23.0/guava-23.0.jar:/Users/malam2/.m2/repository/com/google/code/findbugs/jsr305/1.3.9/jsr305-1.3.9.jar:/Users/malam2/.m2/repository/com/google/errorprone/error_prone_annotations/2.0.18/error_prone_annotations-2.0.18.jar:/Users/malam2/.m2/repository/com/google/j2objc/j2objc-annotations/1.1/j2objc-annotations-1.1.jar:/Users/malam2/.m2/repository/org/codehaus/mojo/animal-sniffer-annotations/1.14/animal-sniffer-annotations-1.14.jar:/Users/malam2/.m2/repository/net/sourceforge/htmlunit/htmlunit/2.28/htmlunit-2.28.jar:/Users/malam2/.m2/repository/net/sourceforge/htmlunit/htmlunit-core-js/2.28/htmlunit-core-js-2.28.jar:/Users/malam2/.m2/repository/net/sourceforge/htmlunit/neko-htmlunit/2.28/neko-htmlunit-2.28.jar:/Users/malam2/.m2/repository/org/apache/httpcomponents/httpclient/4.5.3/httpclient-4.5.3.jar:/Users/malam2/.m2/repository/org/apache/httpcomponents/httpcore/4.4.6/httpcore-4.4.6.jar:/Users/malam2/.m2/repository/org/apache/httpcomponents/httpmime/4.5.3/httpmime-4.5.3.jar:/Users/malam2/.m2/repository/net/jcip/jcip-annotations/1.0/jcip-annotations-1.0.jar:/Users/malam2/.m2/repository/org/seleniumhq/selenium/jetty-repacked/9.4.7.v20170914/jetty-repacked-9.4.7.v20170914.jar:/Users/malam2/.m2/repository/org/eclipse/jetty/jetty-client/9.4.7.v20170914/jetty-client-9.4.7.v20170914.jar:/Users/malam2/.m2/repository/org/eclipse/jetty/jetty-http/9.4.7.v20170914/jetty-http-9.4.7.v20170914.jar:/Users/malam2/.m2/repository/org/eclipse/jetty/jetty-io/9.4.7.v20170914/jetty-io-9.4.7.v20170914.jar:/Users/malam2/.m2/repository/org/eclipse/jetty/jetty-util/9.4.7.v20170914/jetty-util-9.4.7.v20170914.jar:/Users/malam2/.m2/repository/org/eclipse/jetty/jetty-xml/9.4.7.v20170914/jetty-xml-9.4.7.v20170914.jar:/Users/malam2/.m2/repository/org/seleniumhq/selenium/htmlunit-driver/2.28/htmlunit-driver-2.28.jar:/Users/malam2/.m2/repository/javax/servlet/javax.servlet-api/3.1.0/javax.servlet-api-3.1.0.jar:/Users/malam2/.m2/repository/org/eclipse/jetty/websocket/websocket-api/9.4.7.v20170914/websocket-api-9.4.7.v20170914.jar:/Users/malam2/.m2/repository/org/eclipse/jetty/websocket/websocket-client/9.4.7.v20170914/websocket-client-9.4.7.v20170914.jar:/Users/malam2/.m2/repository/org/eclipse/jetty/websocket/websocket-common/9.4.7.v20170914/websocket-common-9.4.7.v20170914.jar:/Users/malam2/.m2/repository/xalan/serializer/2.7.2/serializer-2.7.2.jar:/Users/malam2/.m2/repository/xalan/xalan/2.7.2/xalan-2.7.2.jar:/Users/malam2/.m2/repository/xerces/xercesImpl/2.11.0/xercesImpl-2.11.0.jar:/Users/malam2/.m2/repository/xml-apis/xml-apis/1.4.01/xml-apis-1.4.01.jar:/Users/malam2/.m2/repository/org/yaml/snakeyaml/1.15/snakeyaml-1.15.jar:/Users/malam2/.m2/repository/org/seleniumhq/selenium/selenium-java/3.8.0/selenium-java-3.8.0.jar:/Users/malam2/.m2/repository/org/testng/testng/6.13.1/testng-6.13.1.jar:/Users/malam2/.m2/repository/org/apache/poi/poi-ooxml/3.17/poi-ooxml-3.17.jar:/Users/malam2/.m2/repository/org/apache/poi/poi/3.17/poi-3.17.jar:/Users/malam2/.m2/repository/org/apache/commons/commons-collections4/4.1/commons-collections4-4.1.jar:/Users/malam2/.m2/repository/org/apache/poi/poi-ooxml-schemas/3.17/poi-ooxml-schemas-3.17.jar:/Users/malam2/.m2/repository/org/apache/xmlbeans/xmlbeans/2.6.0/xmlbeans-2.6.0.jar:/Users/malam2/.m2/repository/stax/stax-api/1.0.1/stax-api-1.0.1.jar:/Users/malam2/.m2/repository/com/github/virtuald/curvesapi/1.04/curvesapi-1.04.jar:/Users/malam2/.m2/repository/org/apache/maven/plugins/maven-surefire-plugin/2.20.1/maven-surefire-plugin-2.20.1.jar:/Users/malam2/.m2/repository/org/apache/maven/surefire/maven-surefire-common/2.20.1/maven-surefire-common-2.20.1.jar:/Users/malam2/.m2/repository/org/apache/maven/maven-plugin-api/2.2.1/maven-plugin-api-2.2.1.jar:/Users/malam2/.m2/repository/org/apache/maven/plugin-tools/maven-plugin-annotations/3.3/maven-plugin-annotations-3.3.jar:/Users/malam2/.m2/repository/org/apache/maven/surefire/surefire-api/2.20.1/surefire-api-2.20.1.jar:/Users/malam2/.m2/repository/org/apache/maven/surefire/surefire-logger-api/2.20.1/surefire-logger-api-2.20.1.jar:/Users/malam2/.m2/repository/org/apache/maven/surefire/surefire-booter/2.20.1/surefire-booter-2.20.1.jar:/Users/malam2/.m2/repository/org/apache/maven/maven-artifact/2.2.1/maven-artifact-2.2.1.jar:/Users/malam2/.m2/repository/org/codehaus/plexus/plexus-utils/1.5.15/plexus-utils-1.5.15.jar:/Users/malam2/.m2/repository/org/apache/maven/maven-plugin-descriptor/2.2.1/maven-plugin-descriptor-2.2.1.jar:/Users/malam2/.m2/repository/org/codehaus/plexus/plexus-container-default/1.0-alpha-9-stable-1/plexus-container-default-1.0-alpha-9-stable-1.jar:/Users/malam2/.m2/repository/junit/junit/3.8.1/junit-3.8.1.jar:/Users/malam2/.m2/repository/org/apache/maven/maven-project/2.2.1/maven-project-2.2.1.jar:/Users/malam2/.m2/repository/org/apache/maven/maven-settings/2.2.1/maven-settings-2.2.1.jar:/Users/malam2/.m2/repository/org/apache/maven/maven-profile/2.2.1/maven-profile-2.2.1.jar:/Users/malam2/.m2/repository/org/apache/maven/maven-artifact-manager/2.2.1/maven-artifact-manager-2.2.1.jar:/Users/malam2/.m2/repository/backport-util-concurrent/backport-util-concurrent/3.1/backport-util-concurrent-3.1.jar:/Users/malam2/.m2/repository/org/apache/maven/maven-plugin-registry/2.2.1/maven-plugin-registry-2.2.1.jar:/Users/malam2/.m2/repository/org/codehaus/plexus/plexus-interpolation/1.11/plexus-interpolation-1.11.jar:/Users/malam2/.m2/repository/org/apache/maven/maven-model/2.2.1/maven-model-2.2.1.jar:/Users/malam2/.m2/repository/org/apache/maven/maven-core/2.2.1/maven-core-2.2.1.jar:/Users/malam2/.m2/repository/org/apache/maven/maven-plugin-parameter-documenter/2.2.1/maven-plugin-parameter-documenter-2.2.1.jar:/Users/malam2/.m2/repository/org/apache/maven/wagon/wagon-http/1.0-beta-6/wagon-http-1.0-beta-6.jar:/Users/malam2/.m2/repository/org/apache/maven/wagon/wagon-http-shared/1.0-beta-6/wagon-http-shared-1.0-beta-6.jar:/Users/malam2/.m2/repository/nekohtml/xercesMinimal/1.9.6.2/xercesMinimal-1.9.6.2.jar:/Users/malam2/.m2/repository/nekohtml/nekohtml/1.9.6.2/nekohtml-1.9.6.2.jar:/Users/malam2/.m2/repository/commons-httpclient/commons-httpclient/3.1/commons-httpclient-3.1.jar:/Users/malam2/.m2/repository/org/apache/maven/wagon/wagon-webdav-jackrabbit/1.0-beta-6/wagon-webdav-jackrabbit-1.0-beta-6.jar:/Users/malam2/.m2/repository/org/apache/jackrabbit/jackrabbit-webdav/1.5.0/jackrabbit-webdav-1.5.0.jar:/Users/malam2/.m2/repository/org/apache/jackrabbit/jackrabbit-jcr-commons/1.5.0/jackrabbit-jcr-commons-1.5.0.jar:/Users/malam2/.m2/repository/org/slf4j/slf4j-nop/1.5.3/slf4j-nop-1.5.3.jar:/Users/malam2/.m2/repository/org/slf4j/slf4j-jdk14/1.5.6/slf4j-jdk14-1.5.6.jar:/Users/malam2/.m2/repository/org/slf4j/slf4j-api/1.5.6/slf4j-api-1.5.6.jar:/Users/malam2/.m2/repository/org/slf4j/jcl-over-slf4j/1.5.6/jcl-over-slf4j-1.5.6.jar:/Users/malam2/.m2/repository/org/apache/maven/reporting/maven-reporting-api/2.2.1/maven-reporting-api-2.2.1.jar:/Users/malam2/.m2/repository/org/apache/maven/doxia/doxia-logging-api/1.1/doxia-logging-api-1.1.jar:/Users/malam2/.m2/repository/org/apache/maven/wagon/wagon-provider-api/1.0-beta-6/wagon-provider-api-1.0-beta-6.jar:/Users/malam2/.m2/repository/org/apache/maven/maven-repository-metadata/2.2.1/maven-repository-metadata-2.2.1.jar:/Users/malam2/.m2/repository/org/apache/maven/maven-error-diagnostics/2.2.1/maven-error-diagnostics-2.2.1.jar:/Users/malam2/.m2/repository/org/apache/maven/maven-monitor/2.2.1/maven-monitor-2.2.1.jar:/Users/malam2/.m2/repository/classworlds/classworlds/1.1/classworlds-1.1.jar:/Users/malam2/.m2/repository/org/sonatype/plexus/plexus-sec-dispatcher/1.3/plexus-sec-dispatcher-1.3.jar:/Users/malam2/.m2/repository/org/sonatype/plexus/plexus-cipher/1.4/plexus-cipher-1.4.jar:/Users/malam2/.m2/repository/org/apache/maven/maven-toolchain/2.2.1/maven-toolchain-2.2.1.jar:/Users/malam2/.m2/repository/org/apache/maven/surefire/surefire-testng-utils/2.20.1/surefire-testng-utils-2.20.1.jar:/Users/malam2/.m2/repository/org/apache/maven/surefire/surefire-grouper/2.20.1/surefire-grouper-2.20.1.jar:"/>
    <property name="java.vm.vendor" value="Oracle Corporation"/>
    <property name="sun.arch.data.model" value="64"/>
    <property name="java.vendor.url" value="http://java.oracle.com/"/>
    <property name="user.timezone" value=""/>
    <property name="java.vm.specification.version" value="1.8"/>
    <property name="os.name" value="Mac OS X"/>
    <property name="user.country" value="US"/>
    <property name="sun.java.launcher" value="SUN_STANDARD"/>
    <property name="sun.boot.library.path" value="/Library/Java/JavaVirtualMachines/jdk1.8.0_144.jdk/Contents/Home/jre/lib"/>
    <property name="sun.java.command" value="/Users/malam2/Desktop/FinalScore2/Application/target/surefire/surefirebooter6778767176778516260.jar /Users/malam2/Desktop/FinalScore2/Application/target/surefire 2017-12-23T09-15-26_647-jvmRun1 surefire8988602527217190971tmp surefire_08697296738885832445tmp"/>
    <property name="surefire.test.class.path" value="/Users/malam2/Desktop/FinalScore2/Application/target/test-classes:/Users/malam2/Desktop/FinalScore2/Application/target/classes:/Users/malam2/Desktop/FinalScore2/Generic/target/Generic-1.0-SNAPSHOT.jar:/Users/malam2/.m2/repository/org/seleniumhq/selenium/selenium-server/3.8.0/selenium-server-3.8.0.jar:/Users/malam2/.m2/repository/org/seleniumhq/selenium/selenium-api/3.8.0/selenium-api-3.8.0.jar:/Users/malam2/.m2/repository/org/seleniumhq/selenium/selenium-chrome-driver/3.8.0/selenium-chrome-driver-3.8.0.jar:/Users/malam2/.m2/repository/org/seleniumhq/selenium/selenium-edge-driver/3.8.0/selenium-edge-driver-3.8.0.jar:/Users/malam2/.m2/repository/org/seleniumhq/selenium/selenium-firefox-driver/3.8.0/selenium-firefox-driver-3.8.0.jar:/Users/malam2/.m2/repository/org/seleniumhq/selenium/selenium-ie-driver/3.8.0/selenium-ie-driver-3.8.0.jar:/Users/malam2/.m2/repository/org/seleniumhq/selenium/selenium-opera-driver/3.8.0/selenium-opera-driver-3.8.0.jar:/Users/malam2/.m2/repository/org/seleniumhq/selenium/selenium-remote-driver/3.8.0/selenium-remote-driver-3.8.0.jar:/Users/malam2/.m2/repository/org/seleniumhq/selenium/selenium-safari-driver/3.8.0/selenium-safari-driver-3.8.0.jar:/Users/malam2/.m2/repository/org/seleniumhq/selenium/selenium-support/3.8.0/selenium-support-3.8.0.jar:/Users/malam2/.m2/repository/com/beust/jcommander/1.48/jcommander-1.48.jar:/Users/malam2/.m2/repository/net/bytebuddy/byte-buddy/1.7.5/byte-buddy-1.7.5.jar:/Users/malam2/.m2/repository/org/apache/commons/commons-exec/1.3/commons-exec-1.3.jar:/Users/malam2/.m2/repository/org/apache/commons/commons-lang3/3.7/commons-lang3-3.7.jar:/Users/malam2/.m2/repository/org/apache/commons/commons-text/1.1/commons-text-1.1.jar:/Users/malam2/.m2/repository/commons-codec/commons-codec/1.10/commons-codec-1.10.jar:/Users/malam2/.m2/repository/commons-io/commons-io/2.6/commons-io-2.6.jar:/Users/malam2/.m2/repository/commons-logging/commons-logging/1.2/commons-logging-1.2.jar:/Users/malam2/.m2/repository/commons-net/commons-net/3.6/commons-net-3.6.jar:/Users/malam2/.m2/repository/org/w3c/css/sac/1.3/sac-1.3.jar:/Users/malam2/.m2/repository/net/sourceforge/cssparser/cssparser/0.9.24/cssparser-0.9.24.jar:/Users/malam2/.m2/repository/com/google/code/gson/gson/2.8.2/gson-2.8.2.jar:/Users/malam2/.m2/repository/com/google/guava/guava/23.0/guava-23.0.jar:/Users/malam2/.m2/repository/com/google/code/findbugs/jsr305/1.3.9/jsr305-1.3.9.jar:/Users/malam2/.m2/repository/com/google/errorprone/error_prone_annotations/2.0.18/error_prone_annotations-2.0.18.jar:/Users/malam2/.m2/repository/com/google/j2objc/j2objc-annotations/1.1/j2objc-annotations-1.1.jar:/Users/malam2/.m2/repository/org/codehaus/mojo/animal-sniffer-annotations/1.14/animal-sniffer-annotations-1.14.jar:/Users/malam2/.m2/repository/net/sourceforge/htmlunit/htmlunit/2.28/htmlunit-2.28.jar:/Users/malam2/.m2/repository/net/sourceforge/htmlunit/htmlunit-core-js/2.28/htmlunit-core-js-2.28.jar:/Users/malam2/.m2/repository/net/sourceforge/htmlunit/neko-htmlunit/2.28/neko-htmlunit-2.28.jar:/Users/malam2/.m2/repository/org/apache/httpcomponents/httpclient/4.5.3/httpclient-4.5.3.jar:/Users/malam2/.m2/repository/org/apache/httpcomponents/httpcore/4.4.6/httpcore-4.4.6.jar:/Users/malam2/.m2/repository/org/apache/httpcomponents/httpmime/4.5.3/httpmime-4.5.3.jar:/Users/malam2/.m2/repository/net/jcip/jcip-annotations/1.0/jcip-annotations-1.0.jar:/Users/malam2/.m2/repository/org/seleniumhq/selenium/jetty-repacked/9.4.7.v20170914/jetty-repacked-9.4.7.v20170914.jar:/Users/malam2/.m2/repository/org/eclipse/jetty/jetty-client/9.4.7.v20170914/jetty-client-9.4.7.v20170914.jar:/Users/malam2/.m2/repository/org/eclipse/jetty/jetty-http/9.4.7.v20170914/jetty-http-9.4.7.v20170914.jar:/Users/malam2/.m2/repository/org/eclipse/jetty/jetty-io/9.4.7.v20170914/jetty-io-9.4.7.v20170914.jar:/Users/malam2/.m2/repository/org/eclipse/jetty/jetty-util/9.4.7.v20170914/jetty-util-9.4.7.v20170914.jar:/Users/malam2/.m2/repository/org/eclipse/jetty/jetty-xml/9.4.7.v20170914/jetty-xml-9.4.7.v20170914.jar:/Users/malam2/.m2/repository/org/seleniumhq/selenium/htmlunit-driver/2.28/htmlunit-driver-2.28.jar:/Users/malam2/.m2/repository/javax/servlet/javax.servlet-api/3.1.0/javax.servlet-api-3.1.0.jar:/Users/malam2/.m2/repository/org/eclipse/jetty/websocket/websocket-api/9.4.7.v20170914/websocket-api-9.4.7.v20170914.jar:/Users/malam2/.m2/repository/org/eclipse/jetty/websocket/websocket-client/9.4.7.v20170914/websocket-client-9.4.7.v20170914.jar:/Users/malam2/.m2/repository/org/eclipse/jetty/websocket/websocket-common/9.4.7.v20170914/websocket-common-9.4.7.v20170914.jar:/Users/malam2/.m2/repository/xalan/serializer/2.7.2/serializer-2.7.2.jar:/Users/malam2/.m2/repository/xalan/xalan/2.7.2/xalan-2.7.2.jar:/Users/malam2/.m2/repository/xerces/xercesImpl/2.11.0/xercesImpl-2.11.0.jar:/Users/malam2/.m2/repository/xml-apis/xml-apis/1.4.01/xml-apis-1.4.01.jar:/Users/malam2/.m2/repository/org/yaml/snakeyaml/1.15/snakeyaml-1.15.jar:/Users/malam2/.m2/repository/org/seleniumhq/selenium/selenium-java/3.8.0/selenium-java-3.8.0.jar:/Users/malam2/.m2/repository/org/testng/testng/6.13.1/testng-6.13.1.jar:/Users/malam2/.m2/repository/org/apache/poi/poi-ooxml/3.17/poi-ooxml-3.17.jar:/Users/malam2/.m2/repository/org/apache/poi/poi/3.17/poi-3.17.jar:/Users/malam2/.m2/repository/org/apache/commons/commons-collections4/4.1/commons-collections4-4.1.jar:/Users/malam2/.m2/repository/org/apache/poi/poi-ooxml-schemas/3.17/poi-ooxml-schemas-3.17.jar:/Users/malam2/.m2/repository/org/apache/xmlbeans/xmlbeans/2.6.0/xmlbeans-2.6.0.jar:/Users/malam2/.m2/repository/stax/stax-api/1.0.1/stax-api-1.0.1.jar:/Users/malam2/.m2/repository/com/github/virtuald/curvesapi/1.04/curvesapi-1.04.jar:/Users/malam2/.m2/repository/org/apache/maven/plugins/maven-surefire-plugin/2.20.1/maven-surefire-plugin-2.20.1.jar:/Users/malam2/.m2/repository/org/apache/maven/surefire/maven-surefire-common/2.20.1/maven-surefire-common-2.20.1.jar:/Users/malam2/.m2/repository/org/apache/maven/maven-plugin-api/2.2.1/maven-plugin-api-2.2.1.jar:/Users/malam2/.m2/repository/org/apache/maven/plugin-tools/maven-plugin-annotations/3.3/maven-plugin-annotations-3.3.jar:/Users/malam2/.m2/repository/org/apache/maven/surefire/surefire-api/2.20.1/surefire-api-2.20.1.jar:/Users/malam2/.m2/repository/org/apache/maven/surefire/surefire-logger-api/2.20.1/surefire-logger-api-2.20.1.jar:/Users/malam2/.m2/repository/org/apache/maven/surefire/surefire-booter/2.20.1/surefire-booter-2.20.1.jar:/Users/malam2/.m2/repository/org/apache/maven/maven-artifact/2.2.1/maven-artifact-2.2.1.jar:/Users/malam2/.m2/repository/org/codehaus/plexus/plexus-utils/1.5.15/plexus-utils-1.5.15.jar:/Users/malam2/.m2/repository/org/apache/maven/maven-plugin-descriptor/2.2.1/maven-plugin-descriptor-2.2.1.jar:/Users/malam2/.m2/repository/org/codehaus/plexus/plexus-container-default/1.0-alpha-9-stable-1/plexus-container-default-1.0-alpha-9-stable-1.jar:/Users/malam2/.m2/repository/junit/junit/3.8.1/junit-3.8.1.jar:/Users/malam2/.m2/repository/org/apache/maven/maven-project/2.2.1/maven-project-2.2.1.jar:/Users/malam2/.m2/repository/org/apache/maven/maven-settings/2.2.1/maven-settings-2.2.1.jar:/Users/malam2/.m2/repository/org/apache/maven/maven-profile/2.2.1/maven-profile-2.2.1.jar:/Users/malam2/.m2/repository/org/apache/maven/maven-artifact-manager/2.2.1/maven-artifact-manager-2.2.1.jar:/Users/malam2/.m2/repository/backport-util-concurrent/backport-util-concurrent/3.1/backport-util-concurrent-3.1.jar:/Users/malam2/.m2/repository/org/apache/maven/maven-plugin-registry/2.2.1/maven-plugin-registry-2.2.1.jar:/Users/malam2/.m2/repository/org/codehaus/plexus/plexus-interpolation/1.11/plexus-interpolation-1.11.jar:/Users/malam2/.m2/repository/org/apache/maven/maven-model/2.2.1/maven-model-2.2.1.jar:/Users/malam2/.m2/repository/org/apache/maven/maven-core/2.2.1/maven-core-2.2.1.jar:/Users/malam2/.m2/repository/org/apache/maven/maven-plugin-parameter-documenter/2.2.1/maven-plugin-parameter-documenter-2.2.1.jar:/Users/malam2/.m2/repository/org/apache/maven/wagon/wagon-http/1.0-beta-6/wagon-http-1.0-beta-6.jar:/Users/malam2/.m2/repository/org/apache/maven/wagon/wagon-http-shared/1.0-beta-6/wagon-http-shared-1.0-beta-6.jar:/Users/malam2/.m2/repository/nekohtml/xercesMinimal/1.9.6.2/xercesMinimal-1.9.6.2.jar:/Users/malam2/.m2/repository/nekohtml/nekohtml/1.9.6.2/nekohtml-1.9.6.2.jar:/Users/malam2/.m2/repository/commons-httpclient/commons-httpclient/3.1/commons-httpclient-3.1.jar:/Users/malam2/.m2/repository/org/apache/maven/wagon/wagon-webdav-jackrabbit/1.0-beta-6/wagon-webdav-jackrabbit-1.0-beta-6.jar:/Users/malam2/.m2/repository/org/apache/jackrabbit/jackrabbit-webdav/1.5.0/jackrabbit-webdav-1.5.0.jar:/Users/malam2/.m2/repository/org/apache/jackrabbit/jackrabbit-jcr-commons/1.5.0/jackrabbit-jcr-commons-1.5.0.jar:/Users/malam2/.m2/repository/org/slf4j/slf4j-nop/1.5.3/slf4j-nop-1.5.3.jar:/Users/malam2/.m2/repository/org/slf4j/slf4j-jdk14/1.5.6/slf4j-jdk14-1.5.6.jar:/Users/malam2/.m2/repository/org/slf4j/slf4j-api/1.5.6/slf4j-api-1.5.6.jar:/Users/malam2/.m2/repository/org/slf4j/jcl-over-slf4j/1.5.6/jcl-over-slf4j-1.5.6.jar:/Users/malam2/.m2/repository/org/apache/maven/reporting/maven-reporting-api/2.2.1/maven-reporting-api-2.2.1.jar:/Users/malam2/.m2/repository/org/apache/maven/doxia/doxia-logging-api/1.1/doxia-logging-api-1.1.jar:/Users/malam2/.m2/repository/org/apache/maven/wagon/wagon-provider-api/1.0-beta-6/wagon-provider-api-1.0-beta-6.jar:/Users/malam2/.m2/repository/org/apache/maven/maven-repository-metadata/2.2.1/maven-repository-metadata-2.2.1.jar:/Users/malam2/.m2/repository/org/apache/maven/maven-error-diagnostics/2.2.1/maven-error-diagnostics-2.2.1.jar:/Users/malam2/.m2/repository/org/apache/maven/maven-monitor/2.2.1/maven-monitor-2.2.1.jar:/Users/malam2/.m2/repository/classworlds/classworlds/1.1/classworlds-1.1.jar:/Users/malam2/.m2/repository/org/sonatype/plexus/plexus-sec-dispatcher/1.3/plexus-sec-dispatcher-1.3.jar:/Users/malam2/.m2/repository/org/sonatype/plexus/plexus-cipher/1.4/plexus-cipher-1.4.jar:/Users/malam2/.m2/repository/org/apache/maven/maven-toolchain/2.2.1/maven-toolchain-2.2.1.jar:/Users/malam2/.m2/repository/org/apache/maven/surefire/surefire-testng-utils/2.20.1/surefire-testng-utils-2.20.1.jar:/Users/malam2/.m2/repository/org/apache/maven/surefire/surefire-grouper/2.20.1/surefire-grouper-2.20.1.jar:"/>
    <property name="sun.cpu.endian" value="little"/>
    <property name="user.home" value="/Users/malam2"/>
    <property name="user.language" value="en"/>
    <property name="java.specification.vendor" value="Oracle Corporation"/>
    <property name="java.home" value="/Library/Java/JavaVirtualMachines/jdk1.8.0_144.jdk/Contents/Home/jre"/>
    <property name="basedir" value="/Users/malam2/Desktop/FinalScore2/Application"/>
    <property name="file.separator" value="/"/>
    <property name="line.separator" value="&#10;"/>
    <property name="java.vm.specification.vendor" value="Oracle Corporation"/>
    <property name="java.specification.name" value="Java Platform API Specification"/>
    <property name="java.awt.graphicsenv" value="sun.awt.CGraphicsEnvironment"/>
    <property name="surefire.real.class.path" value="/Users/malam2/Desktop/FinalScore2/Application/target/surefire/surefirebooter6778767176778516260.jar"/>
    <property name="sun.boot.class.path" value="/Library/Java/JavaVirtualMachines/jdk1.8.0_144.jdk/Contents/Home/jre/lib/resources.jar:/Library/Java/JavaVirtualMachines/jdk1.8.0_144.jdk/Contents/Home/jre/lib/rt.jar:/Library/Java/JavaVirtualMachines/jdk1.8.0_144.jdk/Contents/Home/jre/lib/sunrsasign.jar:/Library/Java/JavaVirtualMachines/jdk1.8.0_144.jdk/Contents/Home/jre/lib/jsse.jar:/Library/Java/JavaVirtualMachines/jdk1.8.0_144.jdk/Contents/Home/jre/lib/jce.jar:/Library/Java/JavaVirtualMachines/jdk1.8.0_144.jdk/Contents/Home/jre/lib/charsets.jar:/Library/Java/JavaVirtualMachines/jdk1.8.0_144.jdk/Contents/Home/jre/lib/jfr.jar:/Library/Java/JavaVirtualMachines/jdk1.8.0_144.jdk/Contents/Home/jre/classes"/>
    <property name="sun.management.compiler" value="HotSpot 64-Bit Tiered Compilers"/>
    <property name="java.runtime.version" value="1.8.0_144-b01"/>
    <property name="user.name" value="malam2"/>
    <property name="path.separator" value=":"/>
    <property name="os.version" value="10.12.6"/>
    <property name="java.endorsed.dirs" value="/Library/Java/JavaVirtualMachines/jdk1.8.0_144.jdk/Contents/Home/jre/lib/endorsed"/>
    <property name="java.runtime.name" value="Java(TM) SE Runtime Environment"/>
    <property name="file.encoding" value="UTF-8"/>
    <property name="java.vm.name" value="Java HotSpot(TM) 64-Bit Server VM"/>
    <property name="localRepository" value="/Users/malam2/.m2/repository"/>
    <property name="java.vendor.url.bug" value="http://bugreport.sun.com/bugreport/"/>
    <property name="java.io.tmpdir" value="/var/folders/s5/57f5czjj4t1bmmbg7k_k8n394mmxrn/T/"/>
    <property name="java.version" value="1.8.0_144"/>
    <property name="user.dir" value="/Users/malam2/Desktop/FinalScore2/Application"/>
    <property name="os.arch" value="x86_64"/>
    <property name="java.vm.specification.name" value="Java Virtual Machine Specification"/>
    <property name="java.awt.printerjob" value="sun.lwawt.macosx.CPrinterJob"/>
    <property name="sun.os.patch.level" value="unknown"/>
    <property name="java.library.path" value="/Users/malam2/Library/Java/Extensions:/Library/Java/Extensions:/Network/Library/Java/Extensions:/System/Library/Java/Extensions:/usr/lib/java:."/>
    <property name="java.vm.info" value="mixed mode"/>
    <property name="java.vendor" value="Oracle Corporation"/>
    <property name="java.vm.version" value="25.144-b01"/>
    <property name="java.ext.dirs" value="/Users/malam2/Library/Java/Extensions:/Library/Java/JavaVirtualMachines/jdk1.8.0_144.jdk/Contents/Home/jre/lib/ext:/Library/Java/Extensions:/Network/Library/Java/Extensions:/System/Library/Java/Extensions:/usr/lib/java"/>
    <property name="sun.io.unicode.encoding" value="UnicodeBig"/>
    <property name="java.class.version" value="52.0"/>
  </properties>
  <testcase name="testSignIn" classname="SignInTest" time="16.709"/>
  <testcase name="testSignInAfterProductSearch" classname="SignInTest" time="4.802"/>
</testsuite>