<?xml version="1.0" encoding="UTF-8"?>
<!-- Generated by org.testng.reporters.JUnitReportReporter -->
<testsuite skipped="0" hostname="WAUC02S10KWG8WL" name="SignInTest" tests="2" failures="0" timestamp="23 Dec 2017 15:16:14 GMT" time="44.865" errors="0">
  <testcase name="testSignInAfterProductSearch" time="12.839" classname="SignInTest"/>
  <testcase name="testSignIn" time="32.026" classname="SignInTest"/>
</testsuite> <!-- SignInTest -->
